0 info it worked if it ends with ok
1 verbose cli [ 'nodejs', '/usr/bin/npm', 'install' ]
2 info using npm@1.2.2
3 info using node@v0.8.18
4 verbose read json /var/www/rad-ufu/package.json
5 verbose readDependencies using package.json deps
6 verbose install where, deps [ '/var/www/rad-ufu', [ 'backbone', 'jquery' ] ]
7 verbose from cache /var/www/rad-ufu/package.json
8 info preinstall rad-ufu@0.0.0
9 verbose read json /var/www/rad-ufu/node_modules/backbone/package.json
10 verbose from cache /var/www/rad-ufu/package.json
11 verbose readDependencies using package.json deps
12 verbose from cache /var/www/rad-ufu/node_modules/backbone/package.json
13 verbose already installed skipping backbone@0.9.9 /var/www/rad-ufu
14 verbose cache add [ 'jquery@git://github.com/jquery/jquery.git#1.8.3+1', null ]
15 verbose cache add name=undefined spec="jquery@git://github.com/jquery/jquery.git#1.8.3+1" args=["jquery@git://github.com/jquery/jquery.git#1.8.3+1",null]
16 verbose parsed url { hash: '#1.8.3+1',
16 verbose parsed url   pathname: 'jquery@git://github.com/jquery/jquery.git',
16 verbose parsed url   path: 'jquery@git://github.com/jquery/jquery.git',
16 verbose parsed url   href: 'jquery@git://github.com/jquery/jquery.git#1.8.3+1' }
17 verbose cache add name="jquery" spec="git://github.com/jquery/jquery.git#1.8.3+1" args=["jquery","git://github.com/jquery/jquery.git#1.8.3+1"]
18 verbose parsed url { protocol: 'git:',
18 verbose parsed url   slashes: true,
18 verbose parsed url   host: 'github.com',
18 verbose parsed url   hostname: 'github.com',
18 verbose parsed url   href: 'git://github.com/jquery/jquery.git#1.8.3+1',
18 verbose parsed url   hash: '#1.8.3+1',
18 verbose parsed url   pathname: '/jquery/jquery.git',
18 verbose parsed url   path: '/jquery/jquery.git' }
19 silly lockFile 61416f0d-ub-com-jquery-jquery-git-1-8-3-1 git://github.com/jquery/jquery.git#1.8.3+1
20 verbose lock git://github.com/jquery/jquery.git#1.8.3+1 /home/yassin/.npm/61416f0d-ub-com-jquery-jquery-git-1-8-3-1.lock
21 verbose addRemoteGit [ 'git://github.com/jquery/jquery.git', '1.8.3+1' ]
22 silly exec git "config" "--get" "remote.origin.url"
23 silly git,config,--get,remote.origin.url,/home/yassin/.npm/_git-remotes/git-github-com-jquery-jquery-git-69af2d72 spawning
24 verbose git remote.origin.url git://github.com/jquery/jquery.git
25 silly exec git "fetch" "-a" "origin"
26 silly git,fetch,-a,origin,/home/yassin/.npm/_git-remotes/git-github-com-jquery-jquery-git-69af2d72 spawning
27 silly exec git "rev-list" "-n1" "1.8.3+1"
28 silly git,rev-list,-n1,1.8.3+1,/home/yassin/.npm/_git-remotes/git-github-com-jquery-jquery-git-69af2d72 spawning
29 verbose git rev-list -n1 1.8.3+1 4b2e9799512135f817c9a54ed3e8f0e006a489c2
30 verbose git fetch -a origin (git://github.com/jquery/jquery.git)
31 verbose tar unpack /home/yassin/tmp/npm-5141/1360206768421-0.7754515742417425/tmp.tgz
32 silly lockFile d62e181d-68421-0-7754515742417425-package /home/yassin/tmp/npm-5141/1360206768421-0.7754515742417425/package
33 verbose lock /home/yassin/tmp/npm-5141/1360206768421-0.7754515742417425/package /home/yassin/.npm/d62e181d-68421-0-7754515742417425-package.lock
34 silly gunzTarPerm modes [ '755', '644' ]
35 silly gunzTarPerm extractEntry
36 silly gunzTarPerm modified mode [ '', 509, 493 ]
37 silly gunzTarPerm extractEntry .editorconfig
38 silly gunzTarPerm modified mode [ '.editorconfig', 436, 420 ]
39 silly gunzTarPerm extractEntry .gitattributes
40 silly gunzTarPerm modified mode [ '.gitattributes', 436, 420 ]
41 silly gunzTarPerm extractEntry .gitignore
42 silly gunzTarPerm modified mode [ '.gitignore', 436, 420 ]
43 silly gunzTarPerm extractEntry .gitmodules
44 silly gunzTarPerm modified mode [ '.gitmodules', 436, 420 ]
45 silly gunzTarPerm extractEntry .jshintrc
46 silly gunzTarPerm modified mode [ '.jshintrc', 436, 420 ]
47 silly gunzTarPerm extractEntry AUTHORS.txt
48 silly gunzTarPerm modified mode [ 'AUTHORS.txt', 436, 420 ]
49 silly gunzTarPerm extractEntry CONTRIBUTING.md
50 silly gunzTarPerm modified mode [ 'CONTRIBUTING.md', 436, 420 ]
51 silly gunzTarPerm extractEntry MIT-LICENSE.txt
52 silly gunzTarPerm modified mode [ 'MIT-LICENSE.txt', 436, 420 ]
53 silly gunzTarPerm extractEntry README.md
54 silly gunzTarPerm modified mode [ 'README.md', 436, 420 ]
55 silly gunzTarPerm extractEntry build/
56 silly gunzTarPerm modified mode [ 'build/', 509, 493 ]
57 silly gunzTarPerm extractEntry build/release-notes.js
58 silly gunzTarPerm modified mode [ 'build/release-notes.js', 436, 420 ]
59 silly gunzTarPerm extractEntry build/release-notes.txt
60 silly gunzTarPerm modified mode [ 'build/release-notes.txt', 436, 420 ]
61 silly gunzTarPerm extractEntry build/release.js
62 silly gunzTarPerm modified mode [ 'build/release.js', 436, 420 ]
63 silly gunzTarPerm extractEntry grunt.js
64 silly gunzTarPerm modified mode [ 'grunt.js', 436, 420 ]
65 silly gunzTarPerm extractEntry package.json
66 silly gunzTarPerm modified mode [ 'package.json', 436, 420 ]
67 silly gunzTarPerm extractEntry speed/
68 silly gunzTarPerm modified mode [ 'speed/', 509, 493 ]
69 silly gunzTarPerm extractEntry speed/benchmark.js
70 silly gunzTarPerm modified mode [ 'speed/benchmark.js', 436, 420 ]
71 silly gunzTarPerm extractEntry speed/benchmarker.css
72 silly gunzTarPerm modified mode [ 'speed/benchmarker.css', 436, 420 ]
73 silly gunzTarPerm extractEntry speed/benchmarker.js
74 silly gunzTarPerm modified mode [ 'speed/benchmarker.js', 436, 420 ]
75 silly gunzTarPerm extractEntry speed/closest.html
76 silly gunzTarPerm modified mode [ 'speed/closest.html', 436, 420 ]
77 silly gunzTarPerm extractEntry speed/css.html
78 silly gunzTarPerm modified mode [ 'speed/css.html', 436, 420 ]
79 silly gunzTarPerm extractEntry speed/event.html
80 silly gunzTarPerm modified mode [ 'speed/event.html', 436, 420 ]
81 silly gunzTarPerm extractEntry speed/filter.html
82 silly gunzTarPerm modified mode [ 'speed/filter.html', 436, 420 ]
83 silly gunzTarPerm extractEntry speed/find.html
84 silly gunzTarPerm modified mode [ 'speed/find.html', 436, 420 ]
85 silly gunzTarPerm extractEntry speed/index.html
86 silly gunzTarPerm modified mode [ 'speed/index.html', 436, 420 ]
87 silly gunzTarPerm extractEntry speed/jquery-basis.js
88 silly gunzTarPerm modified mode [ 'speed/jquery-basis.js', 436, 420 ]
89 silly gunzTarPerm extractEntry speed/slice.vs.concat.html
90 silly gunzTarPerm modified mode [ 'speed/slice.vs.concat.html', 436, 420 ]
91 silly gunzTarPerm extractEntry src/
92 silly gunzTarPerm modified mode [ 'src/', 509, 493 ]
93 silly gunzTarPerm extractEntry src/.jshintrc
94 silly gunzTarPerm modified mode [ 'src/.jshintrc', 436, 420 ]
95 silly gunzTarPerm extractEntry src/ajax.js
96 silly gunzTarPerm modified mode [ 'src/ajax.js', 436, 420 ]
97 silly gunzTarPerm extractEntry src/ajax/
98 silly gunzTarPerm modified mode [ 'src/ajax/', 509, 493 ]
99 silly gunzTarPerm extractEntry src/ajax/jsonp.js
100 silly gunzTarPerm modified mode [ 'src/ajax/jsonp.js', 436, 420 ]
101 silly gunzTarPerm extractEntry src/ajax/script.js
102 silly gunzTarPerm modified mode [ 'src/ajax/script.js', 436, 420 ]
103 silly gunzTarPerm extractEntry src/ajax/xhr.js
104 silly gunzTarPerm modified mode [ 'src/ajax/xhr.js', 436, 420 ]
105 silly gunzTarPerm extractEntry src/attributes.js
106 silly gunzTarPerm modified mode [ 'src/attributes.js', 436, 420 ]
107 silly gunzTarPerm extractEntry src/callbacks.js
108 silly gunzTarPerm modified mode [ 'src/callbacks.js', 436, 420 ]
109 silly gunzTarPerm extractEntry src/core.js
110 silly gunzTarPerm modified mode [ 'src/core.js', 436, 420 ]
111 silly gunzTarPerm extractEntry src/css.js
112 silly gunzTarPerm modified mode [ 'src/css.js', 436, 420 ]
113 silly gunzTarPerm extractEntry src/data.js
114 silly gunzTarPerm modified mode [ 'src/data.js', 436, 420 ]
115 silly gunzTarPerm extractEntry src/deferred.js
116 silly gunzTarPerm modified mode [ 'src/deferred.js', 436, 420 ]
117 silly gunzTarPerm extractEntry src/deprecated.js
118 silly gunzTarPerm modified mode [ 'src/deprecated.js', 436, 420 ]
119 silly gunzTarPerm extractEntry src/dimensions.js
120 silly gunzTarPerm modified mode [ 'src/dimensions.js', 436, 420 ]
121 silly gunzTarPerm extractEntry src/effects.js
122 silly gunzTarPerm modified mode [ 'src/effects.js', 436, 420 ]
123 silly gunzTarPerm extractEntry src/event.js
124 silly gunzTarPerm modified mode [ 'src/event.js', 436, 420 ]
125 silly gunzTarPerm extractEntry src/exports.js
126 silly gunzTarPerm modified mode [ 'src/exports.js', 436, 420 ]
127 silly gunzTarPerm extractEntry src/intro.js
128 silly gunzTarPerm modified mode [ 'src/intro.js', 436, 420 ]
129 silly gunzTarPerm extractEntry src/manipulation.js
130 silly gunzTarPerm modified mode [ 'src/manipulation.js', 436, 420 ]
131 silly gunzTarPerm extractEntry src/offset.js
132 silly gunzTarPerm modified mode [ 'src/offset.js', 436, 420 ]
133 silly gunzTarPerm extractEntry src/outro.js
134 silly gunzTarPerm modified mode [ 'src/outro.js', 436, 420 ]
135 silly gunzTarPerm extractEntry src/queue.js
136 silly gunzTarPerm modified mode [ 'src/queue.js', 436, 420 ]
137 silly gunzTarPerm extractEntry src/serialize.js
138 silly gunzTarPerm modified mode [ 'src/serialize.js', 436, 420 ]
139 silly gunzTarPerm extractEntry src/sizzle/
140 silly gunzTarPerm modified mode [ 'src/sizzle/', 509, 493 ]
141 silly gunzTarPerm extractEntry src/sizzle-jquery.js
142 silly gunzTarPerm modified mode [ 'src/sizzle-jquery.js', 436, 420 ]
143 silly gunzTarPerm extractEntry src/support.js
144 silly gunzTarPerm modified mode [ 'src/support.js', 436, 420 ]
145 silly gunzTarPerm extractEntry src/traversing.js
146 silly gunzTarPerm modified mode [ 'src/traversing.js', 436, 420 ]
147 silly gunzTarPerm extractEntry test/
148 silly gunzTarPerm modified mode [ 'test/', 509, 493 ]
149 silly gunzTarPerm extractEntry test/.jshintrc
150 silly gunzTarPerm modified mode [ 'test/.jshintrc', 436, 420 ]
151 silly gunzTarPerm extractEntry test/csp.php
152 silly gunzTarPerm modified mode [ 'test/csp.php', 436, 420 ]
153 silly gunzTarPerm extractEntry test/data/
154 silly gunzTarPerm modified mode [ 'test/data/', 509, 493 ]
155 silly gunzTarPerm extractEntry test/data/1x1.jpg
156 silly gunzTarPerm modified mode [ 'test/data/1x1.jpg', 436, 420 ]
157 silly gunzTarPerm extractEntry test/data/atom+xml.php
158 silly gunzTarPerm modified mode [ 'test/data/atom+xml.php', 436, 420 ]
159 silly gunzTarPerm extractEntry test/data/badcall.js
160 silly gunzTarPerm modified mode [ 'test/data/badcall.js', 436, 420 ]
161 silly gunzTarPerm extractEntry test/data/badjson.js
162 silly gunzTarPerm modified mode [ 'test/data/badjson.js', 436, 420 ]
163 silly gunzTarPerm extractEntry test/data/cleanScript.html
164 silly gunzTarPerm modified mode [ 'test/data/cleanScript.html', 436, 420 ]
165 silly gunzTarPerm extractEntry test/data/dashboard.xml
166 silly gunzTarPerm modified mode [ 'test/data/dashboard.xml', 436, 420 ]
167 silly gunzTarPerm extractEntry test/data/dimensions/
168 silly gunzTarPerm modified mode [ 'test/data/dimensions/', 509, 493 ]
169 silly gunzTarPerm extractEntry test/data/dimensions/documentLarge.html
170 silly gunzTarPerm modified mode [ 'test/data/dimensions/documentLarge.html', 436, 420 ]
171 silly gunzTarPerm extractEntry test/data/dimensions/documentSmall.html
172 silly gunzTarPerm modified mode [ 'test/data/dimensions/documentSmall.html', 436, 420 ]
173 silly gunzTarPerm extractEntry test/data/echoData.php
174 silly gunzTarPerm modified mode [ 'test/data/echoData.php', 436, 420 ]
175 silly gunzTarPerm extractEntry test/data/echoQuery.php
176 silly gunzTarPerm modified mode [ 'test/data/echoQuery.php', 436, 420 ]
177 silly gunzTarPerm extractEntry test/data/errorWithText.php
178 silly gunzTarPerm modified mode [ 'test/data/errorWithText.php', 436, 420 ]
179 silly gunzTarPerm extractEntry test/data/etag.php
180 silly gunzTarPerm modified mode [ 'test/data/etag.php', 436, 420 ]
181 silly gunzTarPerm extractEntry test/data/evalScript.php
182 silly gunzTarPerm modified mode [ 'test/data/evalScript.php', 436, 420 ]
183 silly gunzTarPerm extractEntry test/data/event/
184 silly gunzTarPerm modified mode [ 'test/data/event/', 509, 493 ]
185 silly gunzTarPerm extractEntry test/data/event/longLoadScript.php
186 silly gunzTarPerm modified mode [ 'test/data/event/longLoadScript.php', 436, 420 ]
187 silly gunzTarPerm extractEntry test/data/event/promiseReady.html
188 silly gunzTarPerm modified mode [ 'test/data/event/promiseReady.html', 436, 420 ]
189 silly gunzTarPerm extractEntry test/data/event/syncReady.html
190 silly gunzTarPerm modified mode [ 'test/data/event/syncReady.html', 436, 420 ]
191 silly gunzTarPerm extractEntry test/data/headers.php
192 silly gunzTarPerm modified mode [ 'test/data/headers.php', 436, 420 ]
193 silly gunzTarPerm extractEntry test/data/if_modified_since.php
194 silly gunzTarPerm modified mode [ 'test/data/if_modified_since.php', 436, 420 ]
195 silly gunzTarPerm extractEntry test/data/iframe.html
196 silly gunzTarPerm modified mode [ 'test/data/iframe.html', 436, 420 ]
197 silly gunzTarPerm extractEntry test/data/json.php
198 silly gunzTarPerm modified mode [ 'test/data/json.php', 436, 420 ]
199 silly gunzTarPerm extractEntry test/data/json_obj.js
200 silly gunzTarPerm modified mode [ 'test/data/json_obj.js', 436, 420 ]
201 silly gunzTarPerm extractEntry test/data/jsonp.php
202 silly gunzTarPerm modified mode [ 'test/data/jsonp.php', 436, 420 ]
203 silly gunzTarPerm extractEntry test/data/manipulation/
204 silly gunzTarPerm modified mode [ 'test/data/manipulation/', 509, 493 ]
205 silly gunzTarPerm extractEntry test/data/manipulation/iframe-denied.html
206 silly gunzTarPerm modified mode [ 'test/data/manipulation/iframe-denied.html', 436, 420 ]
207 silly gunzTarPerm extractEntry test/data/name.html
208 silly gunzTarPerm modified mode [ 'test/data/name.html', 436, 420 ]
209 silly gunzTarPerm extractEntry test/data/name.php
210 silly gunzTarPerm modified mode [ 'test/data/name.php', 436, 420 ]
211 silly gunzTarPerm extractEntry test/data/offset/
212 silly gunzTarPerm modified mode [ 'test/data/offset/', 509, 493 ]
213 silly gunzTarPerm extractEntry test/data/offset/absolute.html
214 silly gunzTarPerm modified mode [ 'test/data/offset/absolute.html', 436, 420 ]
215 silly gunzTarPerm extractEntry test/data/offset/body.html
216 silly gunzTarPerm modified mode [ 'test/data/offset/body.html', 436, 420 ]
217 silly gunzTarPerm extractEntry test/data/offset/fixed.html
218 silly gunzTarPerm modified mode [ 'test/data/offset/fixed.html', 436, 420 ]
219 silly gunzTarPerm extractEntry test/data/offset/relative.html
220 silly gunzTarPerm modified mode [ 'test/data/offset/relative.html', 436, 420 ]
221 silly gunzTarPerm extractEntry test/data/offset/scroll.html
222 silly gunzTarPerm modified mode [ 'test/data/offset/scroll.html', 436, 420 ]
223 silly gunzTarPerm extractEntry test/data/offset/static.html
224 silly gunzTarPerm modified mode [ 'test/data/offset/static.html', 436, 420 ]
225 silly gunzTarPerm extractEntry test/data/offset/table.html
226 silly gunzTarPerm modified mode [ 'test/data/offset/table.html', 436, 420 ]
227 silly gunzTarPerm extractEntry test/data/params_html.php
228 silly gunzTarPerm modified mode [ 'test/data/params_html.php', 436, 420 ]
229 silly gunzTarPerm extractEntry test/data/readywaitasset.js
230 silly gunzTarPerm modified mode [ 'test/data/readywaitasset.js', 436, 420 ]
231 silly gunzTarPerm extractEntry test/data/readywaitloader.js
232 silly gunzTarPerm modified mode [ 'test/data/readywaitloader.js', 436, 420 ]
233 silly gunzTarPerm extractEntry test/data/script.php
234 silly gunzTarPerm modified mode [ 'test/data/script.php', 436, 420 ]
235 silly gunzTarPerm extractEntry test/data/selector/
236 silly gunzTarPerm modified mode [ 'test/data/selector/', 509, 493 ]
237 silly gunzTarPerm extractEntry test/data/selector/html5_selector.html
238 silly gunzTarPerm modified mode [ 'test/data/selector/html5_selector.html', 436, 420 ]
239 silly gunzTarPerm extractEntry test/data/selector/sizzle_cache.html
240 silly gunzTarPerm modified mode [ 'test/data/selector/sizzle_cache.html', 436, 420 ]
241 silly gunzTarPerm extractEntry test/data/statusText.php
242 silly gunzTarPerm modified mode [ 'test/data/statusText.php', 436, 420 ]
243 silly gunzTarPerm extractEntry test/data/support/
244 silly gunzTarPerm modified mode [ 'test/data/support/', 509, 493 ]
245 silly gunzTarPerm extractEntry test/data/support/bodyBackground.html
246 silly gunzTarPerm modified mode [ 'test/data/support/bodyBackground.html', 436, 420 ]
247 silly gunzTarPerm extractEntry test/data/support/testElementCrash.html
248 silly gunzTarPerm modified mode [ 'test/data/support/testElementCrash.html', 436, 420 ]
249 silly gunzTarPerm extractEntry test/data/test.html
250 silly gunzTarPerm modified mode [ 'test/data/test.html', 436, 420 ]
251 silly gunzTarPerm extractEntry test/data/test.js
252 silly gunzTarPerm modified mode [ 'test/data/test.js', 436, 420 ]
253 silly gunzTarPerm extractEntry test/data/test.php
254 silly gunzTarPerm modified mode [ 'test/data/test.php', 436, 420 ]
255 silly gunzTarPerm extractEntry test/data/test2.html
256 silly gunzTarPerm modified mode [ 'test/data/test2.html', 436, 420 ]
257 silly gunzTarPerm extractEntry test/data/test3.html
258 silly gunzTarPerm modified mode [ 'test/data/test3.html', 436, 420 ]
259 silly gunzTarPerm extractEntry test/data/testinit.js
260 silly gunzTarPerm modified mode [ 'test/data/testinit.js', 436, 420 ]
261 silly gunzTarPerm extractEntry test/data/testrunner.js
262 silly gunzTarPerm modified mode [ 'test/data/testrunner.js', 436, 420 ]
263 silly gunzTarPerm extractEntry test/data/testsuite.css
264 silly gunzTarPerm modified mode [ 'test/data/testsuite.css', 436, 420 ]
265 silly gunzTarPerm extractEntry test/data/text.php
266 silly gunzTarPerm modified mode [ 'test/data/text.php', 436, 420 ]
267 silly gunzTarPerm extractEntry test/data/ua.txt
268 silly gunzTarPerm modified mode [ 'test/data/ua.txt', 436, 420 ]
269 silly gunzTarPerm extractEntry test/data/with_fries.xml
270 silly gunzTarPerm modified mode [ 'test/data/with_fries.xml', 436, 420 ]
271 silly gunzTarPerm extractEntry test/data/with_fries_over_jsonp.php
272 silly gunzTarPerm modified mode [ 'test/data/with_fries_over_jsonp.php', 436, 420 ]
273 silly gunzTarPerm extractEntry test/delegatetest.html
274 silly gunzTarPerm modified mode [ 'test/delegatetest.html', 436, 420 ]
275 silly gunzTarPerm extractEntry test/hovertest.html
276 silly gunzTarPerm modified mode [ 'test/hovertest.html', 436, 420 ]
277 silly gunzTarPerm extractEntry test/index.html
278 silly gunzTarPerm modified mode [ 'test/index.html', 436, 420 ]
279 silly gunzTarPerm extractEntry test/localfile.html
280 silly gunzTarPerm modified mode [ 'test/localfile.html', 436, 420 ]
281 silly gunzTarPerm extractEntry test/networkerror.html
282 silly gunzTarPerm modified mode [ 'test/networkerror.html', 436, 420 ]
283 silly gunzTarPerm extractEntry test/polluted.php
284 silly gunzTarPerm modified mode [ 'test/polluted.php', 436, 420 ]
285 silly gunzTarPerm extractEntry test/qunit/
286 silly gunzTarPerm modified mode [ 'test/qunit/', 509, 493 ]
287 silly gunzTarPerm extractEntry test/readywait.html
288 silly gunzTarPerm modified mode [ 'test/readywait.html', 436, 420 ]
289 silly gunzTarPerm extractEntry test/unit/
290 silly gunzTarPerm modified mode [ 'test/unit/', 509, 493 ]
291 silly gunzTarPerm extractEntry test/unit/ajax.js
292 silly gunzTarPerm modified mode [ 'test/unit/ajax.js', 436, 420 ]
293 silly gunzTarPerm extractEntry test/unit/attributes.js
294 silly gunzTarPerm modified mode [ 'test/unit/attributes.js', 436, 420 ]
295 silly gunzTarPerm extractEntry test/unit/callbacks.js
296 silly gunzTarPerm modified mode [ 'test/unit/callbacks.js', 436, 420 ]
297 silly gunzTarPerm extractEntry test/unit/core.js
298 silly gunzTarPerm modified mode [ 'test/unit/core.js', 436, 420 ]
299 silly gunzTarPerm extractEntry test/unit/css.js
300 silly gunzTarPerm modified mode [ 'test/unit/css.js', 436, 420 ]
301 silly gunzTarPerm extractEntry test/unit/data.js
302 silly gunzTarPerm modified mode [ 'test/unit/data.js', 436, 420 ]
303 silly gunzTarPerm extractEntry test/unit/deferred.js
304 silly gunzTarPerm modified mode [ 'test/unit/deferred.js', 436, 420 ]
305 silly gunzTarPerm extractEntry test/unit/deprecated.js
306 silly gunzTarPerm modified mode [ 'test/unit/deprecated.js', 436, 420 ]
307 silly gunzTarPerm extractEntry test/unit/dimensions.js
308 silly gunzTarPerm modified mode [ 'test/unit/dimensions.js', 436, 420 ]
309 silly gunzTarPerm extractEntry test/unit/effects.js
310 silly gunzTarPerm modified mode [ 'test/unit/effects.js', 436, 420 ]
311 silly gunzTarPerm extractEntry test/unit/event.js
312 silly gunzTarPerm modified mode [ 'test/unit/event.js', 436, 420 ]
313 silly gunzTarPerm extractEntry test/unit/exports.js
314 silly gunzTarPerm modified mode [ 'test/unit/exports.js', 436, 420 ]
315 silly gunzTarPerm extractEntry test/unit/manipulation.js
316 silly gunzTarPerm modified mode [ 'test/unit/manipulation.js', 436, 420 ]
317 silly gunzTarPerm extractEntry test/unit/offset.js
318 silly gunzTarPerm modified mode [ 'test/unit/offset.js', 436, 420 ]
319 silly gunzTarPerm extractEntry test/unit/queue.js
320 silly gunzTarPerm modified mode [ 'test/unit/queue.js', 436, 420 ]
321 silly gunzTarPerm extractEntry test/unit/selector.js
322 silly gunzTarPerm modified mode [ 'test/unit/selector.js', 436, 420 ]
323 silly gunzTarPerm extractEntry test/unit/serialize.js
324 silly gunzTarPerm modified mode [ 'test/unit/serialize.js', 436, 420 ]
325 silly gunzTarPerm extractEntry test/unit/support.js
326 silly gunzTarPerm modified mode [ 'test/unit/support.js', 436, 420 ]
327 silly gunzTarPerm extractEntry test/unit/traversing.js
328 silly gunzTarPerm modified mode [ 'test/unit/traversing.js', 436, 420 ]
329 silly gunzTarPerm extractEntry test/xhtml.php
330 silly gunzTarPerm modified mode [ 'test/xhtml.php', 436, 420 ]
331 verbose read json /home/yassin/tmp/npm-5141/1360206768421-0.7754515742417425/package/package.json
332 silly lockFile d62e181d-68421-0-7754515742417425-package /home/yassin/tmp/npm-5141/1360206768421-0.7754515742417425/package
333 verbose from cache /home/yassin/tmp/npm-5141/1360206768421-0.7754515742417425/package/package.json
334 verbose tar pack [ '/home/yassin/.npm/jquery/1.8.3+1/package.tgz',
334 verbose tar pack   '/home/yassin/tmp/npm-5141/1360206768421-0.7754515742417425/package' ]
335 verbose tarball /home/yassin/.npm/jquery/1.8.3+1/package.tgz
336 verbose folder /home/yassin/tmp/npm-5141/1360206768421-0.7754515742417425/package
337 silly lockFile c87df7f7-n-npm-jquery-1-8-3-1-package-tgz /home/yassin/.npm/jquery/1.8.3+1/package.tgz
338 verbose lock /home/yassin/.npm/jquery/1.8.3+1/package.tgz /home/yassin/.npm/c87df7f7-n-npm-jquery-1-8-3-1-package-tgz.lock
339 silly lockFile c87df7f7-n-npm-jquery-1-8-3-1-package-tgz /home/yassin/.npm/jquery/1.8.3+1/package.tgz
340 silly lockFile 400e247f-assin-npm-jquery-1-8-3-1-package /home/yassin/.npm/jquery/1.8.3+1/package
341 verbose lock /home/yassin/.npm/jquery/1.8.3+1/package /home/yassin/.npm/400e247f-assin-npm-jquery-1-8-3-1-package.lock
342 silly lockFile 400e247f-assin-npm-jquery-1-8-3-1-package /home/yassin/.npm/jquery/1.8.3+1/package
343 verbose tar unpack /home/yassin/.npm/jquery/1.8.3+1/package.tgz
344 silly lockFile 400e247f-assin-npm-jquery-1-8-3-1-package /home/yassin/.npm/jquery/1.8.3+1/package
345 verbose lock /home/yassin/.npm/jquery/1.8.3+1/package /home/yassin/.npm/400e247f-assin-npm-jquery-1-8-3-1-package.lock
346 silly gunzTarPerm modes [ '755', '644' ]
347 silly gunzTarPerm extractEntry package.json
348 silly gunzTarPerm extractEntry .npmignore
349 silly gunzTarPerm extractEntry README.md
350 silly gunzTarPerm extractEntry grunt.js
351 silly gunzTarPerm extractEntry .jshintrc
352 silly gunzTarPerm extractEntry test/hovertest.html
353 silly gunzTarPerm extractEntry test/xhtml.php
354 silly gunzTarPerm extractEntry test/localfile.html
355 silly gunzTarPerm extractEntry test/data/json_obj.js
356 silly gunzTarPerm extractEntry test/data/badjson.js
357 silly gunzTarPerm extractEntry test/data/testinit.js
358 silly gunzTarPerm extractEntry test/data/badcall.js
359 silly gunzTarPerm extractEntry test/data/test.js
360 silly gunzTarPerm extractEntry test/data/readywaitasset.js
361 silly gunzTarPerm extractEntry test/data/testrunner.js
362 silly gunzTarPerm extractEntry test/data/readywaitloader.js
363 silly gunzTarPerm extractEntry test/data/test.html
364 silly gunzTarPerm extractEntry test/data/etag.php
365 silly gunzTarPerm extractEntry test/data/with_fries_over_jsonp.php
366 silly gunzTarPerm extractEntry test/data/support/testElementCrash.html
367 silly gunzTarPerm extractEntry test/data/support/bodyBackground.html
368 silly gunzTarPerm extractEntry test/data/statusText.php
369 silly gunzTarPerm extractEntry test/data/with_fries.xml
370 silly gunzTarPerm extractEntry test/data/dimensions/documentLarge.html
371 silly gunzTarPerm extractEntry test/data/dimensions/documentSmall.html
372 silly gunzTarPerm extractEntry test/data/name.php
373 silly gunzTarPerm extractEntry test/data/cleanScript.html
374 silly gunzTarPerm extractEntry test/data/test.php
375 silly gunzTarPerm extractEntry test/data/dashboard.xml
376 silly gunzTarPerm extractEntry test/data/selector/sizzle_cache.html
377 silly gunzTarPerm extractEntry test/data/selector/html5_selector.html
378 silly gunzTarPerm extractEntry test/data/evalScript.php
379 silly gunzTarPerm extractEntry test/data/errorWithText.php
380 silly gunzTarPerm extractEntry test/data/manipulation/iframe-denied.html
381 silly gunzTarPerm extractEntry test/data/json.php
382 silly gunzTarPerm extractEntry test/data/jsonp.php
383 silly gunzTarPerm extractEntry test/data/iframe.html
384 silly gunzTarPerm extractEntry test/data/text.php
385 silly gunzTarPerm extractEntry test/data/script.php
386 silly gunzTarPerm extractEntry test/data/1x1.jpg
387 silly gunzTarPerm extractEntry test/data/if_modified_since.php
388 silly gunzTarPerm extractEntry test/data/ua.txt
389 silly gunzTarPerm extractEntry test/data/testsuite.css
390 silly gunzTarPerm extractEntry test/data/echoData.php
391 silly gunzTarPerm extractEntry test/data/headers.php
392 silly gunzTarPerm extractEntry test/data/atom+xml.php
393 silly gunzTarPerm extractEntry test/data/event/syncReady.html
394 silly gunzTarPerm extractEntry test/data/event/longLoadScript.php
395 silly gunzTarPerm extractEntry test/data/event/promiseReady.html
396 silly gunzTarPerm extractEntry test/data/name.html
397 silly gunzTarPerm extractEntry test/data/offset/body.html
398 silly gunzTarPerm extractEntry test/data/offset/absolute.html
399 silly gunzTarPerm extractEntry test/data/offset/relative.html
400 silly gunzTarPerm extractEntry test/data/offset/table.html
401 silly gunzTarPerm extractEntry test/data/offset/scroll.html
402 silly gunzTarPerm extractEntry test/data/offset/static.html
403 silly gunzTarPerm extractEntry test/data/offset/fixed.html
404 silly gunzTarPerm extractEntry test/data/test3.html
405 silly gunzTarPerm extractEntry test/data/test2.html
406 silly gunzTarPerm extractEntry test/data/params_html.php
407 silly gunzTarPerm extractEntry test/data/echoQuery.php
408 silly gunzTarPerm extractEntry test/csp.php
409 silly gunzTarPerm extractEntry test/.jshintrc
410 silly gunzTarPerm extractEntry test/unit/deferred.js
411 silly gunzTarPerm extractEntry test/unit/deprecated.js
412 silly gunzTarPerm extractEntry test/unit/traversing.js
413 silly gunzTarPerm extractEntry test/unit/offset.js
414 silly gunzTarPerm extractEntry test/unit/exports.js
415 silly gunzTarPerm extractEntry test/unit/event.js
416 silly gunzTarPerm extractEntry test/unit/css.js
417 silly gunzTarPerm extractEntry test/unit/selector.js
418 silly gunzTarPerm extractEntry test/unit/serialize.js
419 silly gunzTarPerm extractEntry test/unit/data.js
420 silly gunzTarPerm extractEntry test/unit/callbacks.js
421 silly gunzTarPerm extractEntry test/unit/queue.js
422 silly gunzTarPerm extractEntry test/unit/effects.js
423 silly gunzTarPerm extractEntry test/unit/ajax.js
424 silly gunzTarPerm extractEntry test/unit/dimensions.js
425 silly gunzTarPerm extractEntry test/unit/attributes.js
426 silly gunzTarPerm extractEntry test/unit/manipulation.js
427 silly gunzTarPerm extractEntry test/unit/core.js
428 silly gunzTarPerm extractEntry test/unit/support.js
429 silly gunzTarPerm extractEntry test/readywait.html
430 silly gunzTarPerm extractEntry test/networkerror.html
431 silly gunzTarPerm extractEntry test/delegatetest.html
432 silly gunzTarPerm extractEntry test/polluted.php
433 silly gunzTarPerm extractEntry test/index.html
434 silly gunzTarPerm extractEntry MIT-LICENSE.txt
435 silly gunzTarPerm extractEntry src/deferred.js
436 silly gunzTarPerm extractEntry src/intro.js
437 silly gunzTarPerm extractEntry src/exports.js
438 silly gunzTarPerm extractEntry src/deprecated.js
439 silly gunzTarPerm extractEntry src/ajax.js
440 silly gunzTarPerm extractEntry src/traversing.js
441 silly gunzTarPerm extractEntry src/manipulation.js
442 silly gunzTarPerm extractEntry src/support.js
443 silly gunzTarPerm extractEntry src/sizzle-jquery.js
444 silly gunzTarPerm extractEntry src/event.js
445 silly gunzTarPerm extractEntry src/callbacks.js
446 silly gunzTarPerm extractEntry src/css.js
447 silly gunzTarPerm extractEntry src/effects.js
448 silly gunzTarPerm extractEntry src/queue.js
449 silly gunzTarPerm extractEntry src/attributes.js
450 silly gunzTarPerm extractEntry src/serialize.js
451 silly gunzTarPerm extractEntry src/dimensions.js
452 silly gunzTarPerm extractEntry src/data.js
453 silly gunzTarPerm extractEntry src/outro.js
454 silly gunzTarPerm extractEntry src/core.js
455 silly gunzTarPerm extractEntry src/offset.js
456 silly gunzTarPerm extractEntry src/ajax/xhr.js
457 silly gunzTarPerm extractEntry src/ajax/script.js
458 silly gunzTarPerm extractEntry src/ajax/jsonp.js
459 silly gunzTarPerm extractEntry src/.jshintrc
460 silly gunzTarPerm extractEntry AUTHORS.txt
461 silly gunzTarPerm extractEntry build/release-notes.js
462 silly gunzTarPerm extractEntry build/release.js
463 silly gunzTarPerm extractEntry build/release-notes.txt
464 silly gunzTarPerm extractEntry .editorconfig
465 silly gunzTarPerm extractEntry .gitmodules
466 silly gunzTarPerm extractEntry .gitattributes
467 silly gunzTarPerm extractEntry CONTRIBUTING.md
468 silly gunzTarPerm extractEntry speed/jquery-basis.js
469 silly gunzTarPerm extractEntry speed/benchmark.js
470 silly gunzTarPerm extractEntry speed/benchmarker.js
471 silly gunzTarPerm extractEntry speed/slice.vs.concat.html
472 silly gunzTarPerm extractEntry speed/event.html
473 silly gunzTarPerm extractEntry speed/find.html
474 silly gunzTarPerm extractEntry speed/closest.html
475 silly gunzTarPerm extractEntry speed/css.html
476 silly gunzTarPerm extractEntry speed/index.html
477 silly gunzTarPerm extractEntry speed/benchmarker.css
478 silly gunzTarPerm extractEntry speed/filter.html
479 verbose read json /home/yassin/.npm/jquery/1.8.3+1/package/package.json
480 silly lockFile 400e247f-assin-npm-jquery-1-8-3-1-package /home/yassin/.npm/jquery/1.8.3+1/package
481 silly shasum updated bytes 40960
482 silly shasum updated bytes 40960
483 silly shasum updated bytes 40960
484 silly shasum updated bytes 40960
485 silly shasum updated bytes 40960
486 silly shasum updated bytes 40960
487 silly shasum updated bytes 37587
488 info shasum be87dbadf5c8b27906e86cefe685225c361748e1
488 info shasum /home/yassin/.npm/jquery/1.8.3+1/package.tgz
489 verbose from cache /home/yassin/.npm/jquery/1.8.3+1/package/package.json
490 verbose chmod /home/yassin/.npm/jquery/1.8.3+1/package.tgz 644
491 verbose chown /home/yassin/.npm/jquery/1.8.3+1/package.tgz [ 1000, 1000 ]
492 silly lockFile 69af2d72-git-github-com-jquery-jquery-git git://github.com/jquery/jquery.git
493 silly resolved [ { name: 'jquery',
493 silly resolved     title: 'jQuery',
493 silly resolved     description: 'JavaScript library for DOM operations',
493 silly resolved     version: '1.8.3+1',
493 silly resolved     homepage: 'http://jquery.com',
493 silly resolved     author:
493 silly resolved      { name: 'jQuery Foundation and other contributors',
493 silly resolved        url: 'https://github.com/jquery/jquery/blob/master/AUTHORS.txt' },
493 silly resolved     repository: { type: 'git', url: 'https://github.com/jquery/jquery.git' },
493 silly resolved     bugs: { url: 'http://bugs.jquery.com' },
493 silly resolved     licenses: [ [Object] ],
493 silly resolved     dependencies: {},
493 silly resolved     devDependencies:
493 silly resolved      { 'grunt-compare-size': '~0.2.0',
493 silly resolved        'grunt-git-authors': '~1.0.0',
493 silly resolved        grunt: '~0.3.9',
493 silly resolved        testswarm: '0.2.2' },
493 silly resolved     keywords: [],
493 silly resolved     readme: '[jQuery](http://jquery.com/) - New Wave JavaScript\n==================================================\n\nContribution Guides\n--------------------------------------\n\nIn the spirit of open source software development, jQuery always encourages community code contribution. To help you get started and before you jump into writing code, be sure to read these important contribution guidelines thoroughly:\n\n1. [Getting Involved](http://docs.jquery.com/Getting_Involved)\n2. [Core Style Guide](http://docs.jquery.com/JQuery_Core_Style_Guidelines)\n3. [Tips For Bug Patching](http://docs.jquery.com/Tips_for_jQuery_Bug_Patching)\n\n\nWhat you need to build your own jQuery\n--------------------------------------\n\nIn order to build jQuery, you need to have GNU make 3.8 or later, Node.js/npm latest, and git 1.7 or later.\n(Earlier versions might work OK, but are not tested.)\n\nWindows users have two options:\n\n1. Install [msysgit](https://code.google.com/p/msysgit/) (Full installer for official Git),\n   [GNU make for Windows](http://gnuwin32.sourceforge.net/packages/make.htm), and a\n   [binary version of Node.js](http://node-js.prcn.co.cc/). Make sure all three packages are installed to the same\n   location (by default, this is C:\\Program Files\\Git).\n2. Install [Cygwin](http://cygwin.com/) (make sure you install the git, make, and which packages), then either follow\n   the [Node.js build instructions](https://github.com/ry/node/wiki/Building-node.js-on-Cygwin-%28Windows%29) or install\n   the [binary version of Node.js](http://node-js.prcn.co.cc/).\n\nMac OS users should install Xcode (comes on your Mac OS install DVD, or downloadable from\n[Apple\'s Xcode site](http://developer.apple.com/technologies/xcode.html)) and\n[Homebrew](http://mxcl.github.com/homebrew/). Once Homebrew is installed, run `brew install git` to install git,\nand `brew install node` to install Node.js.\n\nLinux/BSD users should use their appropriate package managers to install make, git, and node, or build from source\nif you swing that way. Easy-peasy.\n\n\nHow to build your own jQuery\n----------------------------\n\nFirst, clone a copy of the main jQuery git repo by running:\n\n```bash\ngit clone git://github.com/jquery/jquery.git\n```\n\nEnter the directory and install the Node dependencies:\n\n```bash\ncd jquery && npm install\n```\n\n\nMake sure you have `grunt` installed by testing:\n\n```bash\ngrunt -version\n```\n\n\n\nThen, to get a complete, minified (w/ Uglify.js), linted (w/ JSHint) version of jQuery, type the following:\n\n```bash\ngrunt\n```\n\n\nThe built version of jQuery will be put in the `dist/` subdirectory.\n\n\n### Modules (new in 1.8)\n\nStarting in jQuery 1.8, special builds can now be created that optionally exclude or include any of the following modules:\n\n- ajax\n- css\n- dimensions\n- effects\n- offset\n\n\nBefore creating a custom build for use in production, be sure to check out the latest stable version:\n\n```bash\ngit pull; git checkout $(git describe --abbrev=0 --tags)\n```\n\nThen, make sure all Node dependencies are installed and all Git submodules are checked out:\n\n```bash\nnpm install && grunt\n```\n\nTo create a custom build, use the following special `grunt` commands:\n\nExclude **ajax**:\n\n```bash\ngrunt custom:-ajax\n```\n\nExclude **css**:\n\n```bash\ngrunt custom:-css\n```\n\nExclude **deprecated**:\n\n```bash\ngrunt custom:-deprecated\n```\n\nExclude **dimensions**:\n\n```bash\ngrunt custom:-dimensions\n```\n\nExclude **effects**:\n\n```bash\ngrunt custom:-effects\n```\n\nExclude **offset**:\n\n```bash\ngrunt custom:-offset\n```\n\nExclude **all** optional modules:\n\n```bash\ngrunt custom:-ajax,-css,-deprecated,-dimensions,-effects,-offset\n```\n\n\nNote: dependencies will be handled internally, by the build process.\n\n\nRunning the Unit Tests\n--------------------------------------\n\n\nStart grunt to auto-build jQuery as you work:\n\n```bash\ncd jquery && grunt watch\n```\n\n\nRun the unit tests with a local server that supports PHP. No database is required. Pre-configured php local servers are available for Windows and Mac. Here are some options:\n\n- Windows: [WAMP download](http://www.wampserver.com/en/)\n- Mac: [MAMP download](http://www.mamp.info/en/index.html)\n- Linux: [Setting up LAMP](https://www.linux.com/learn/tutorials/288158-easy-lamp-server-installation)\n- [Mongoose (most platforms)](http://code.google.com/p/mongoose/)\n\n\n\n\nBuilding to a different directory\n---------------------------------\n\nIf you want to build jQuery to a directory that is different from the default location:\n\n```bash\ngrunt && grunt dist:/path/to/special/location/\n```\nWith this example, the output files would be:\n\n```bash\n/path/to/special/location/jquery.js\n/path/to/special/location/jquery.min.js\n```\n\nIf you want to add a permanent copy destination, create a file in `dist/` called ".destination.json". Inside the file, paste and customize the following:\n\n```json\n\n{\n  "/Absolute/path/to/other/destination": true\n}\n```\n\n\nAdditionally, both methods can be combined.\n\n\n\nUpdating Submodules\n-------------------\n\nUpdate the submodules to what is probably the latest upstream code.\n\n```bash\ngrunt submodules\n```\n\nNote: This task will also be run any time the default `grunt` command is used.\n\n\n\nGit for dummies\n---------------\n\nAs the source code is handled by the version control system Git, it\'s useful to know some features used.\n\n### Submodules ###\n\nThe repository uses submodules, which normally are handled directly by the Makefile, but sometimes you want to\nbe able to work with them manually.\n\nFollowing are the steps to manually get the submodules:\n\n```bash\ngit clone https://github.com/jquery/jquery.git\ncd jquery\ngit submodule init\ngit submodule update\n```\n\nOr:\n\n```bash\ngit clone https://github.com/jquery/jquery.git\ncd jquery\ngit submodule update --init\n```\n\nOr:\n\n```bash\ngit clone --recursive https://github.com/jquery/jquery.git\ncd jquery\n```\n\nIf you want to work inside a submodule, it is possible, but first you need to checkout a branch:\n\n```bash\ncd src/sizzle\ngit checkout master\n```\n\nAfter you\'ve committed your changes to the submodule, you\'ll update the jquery project to point to the new commit,\nbut remember to push the submodule changes before pushing the new jquery commit:\n\n```bash\ncd src/sizzle\ngit push origin master\ncd ..\ngit add src/sizzle\ngit commit\n```\n\n\n### cleaning ###\n\nIf you want to purge your working directory back to the status of upstream, following commands can be used (remember everything you\'ve worked on is gone after these):\n\n```bash\ngit reset --hard upstream/master\ngit clean -fdx\n```\n\n### rebasing ###\n\nFor feature/topic branches, you should always used the `--rebase` flag to `git pull`, or if you are usually handling many temporary "to be in a github pull request" branches, run following to automate this:\n\n```bash\ngit config branch.autosetuprebase local\n```\n(see `man git-config` for more information)\n\n### handling merge conflicts ###\n\nIf you\'re getting merge conflicts when merging, instead of editing the conflicted files manually, you can use the feature\n`git mergetool`. Even though the default tool `xxdiff` looks awful/old, it\'s rather useful.\n\nFollowing are some commands that can be used there:\n\n* `Ctrl + Alt + M` - automerge as much as possible\n* `b` - jump to next merge conflict\n* `s` - change the order of the conflicted lines\n* `u` - undo an merge\n* `left mouse button` - mark a block to be the winner\n* `middle mouse button` - mark a line to be the winner\n* `Ctrl + S` - save\n* `Ctrl + Q` - quit\n\n[QUnit](http://docs.jquery.com/QUnit) Reference\n-----------------\n\n### Test methods ###\n\n```js\nexpect( numAssertions );\nstop();\nstart();\n```\n\n\nnote: QUnit\'s eventual addition of an argument to stop/start is ignored in this test suite so that start and stop can be passed as callbacks without worrying about their parameters\n\n### Test assertions ###\n\n\n```js\nok( value, [message] );\nequal( actual, expected, [message] );\nnotEqual( actual, expected, [message] );\ndeepEqual( actual, expected, [message] );\nnotDeepEqual( actual, expected, [message] );\nstrictEqual( actual, expected, [message] );\nnotStrictEqual( actual, expected, [message] );\nraises( block, [expected], [message] );\n```\n\n\nTest Suite Convenience Methods Reference (See [test/data/testinit.js](https://github.com/jquery/jquery/blob/master/test/data/testinit.js))\n------------------------------\n\n### Returns an array of elements with the given IDs ###\n\n```js\nq( ... );\n```\n\nExample:\n\n```js\nq("main", "foo", "bar");\n\n=> [ div#main, span#foo, input#bar ]\n```\n\n### Asserts that a selection matches the given IDs ###\n\n```js\nt( testName, selector, [ "array", "of", "ids" ] );\n```\n\nExample:\n\n```js\nt("Check for something", "//[a]", ["foo", "baar"]);\n```\n\n\n\n### Fires a native DOM event without going through jQuery ###\n\n```js\nfireNative( node, eventType )\n```\n\nExample:\n\n```js\nfireNative( jQuery("#elem")[0], "click" );\n```\n\n### Add random number to url to stop caching ###\n\n```js\nurl( "some/url.php" );\n```\n\nExample:\n\n```js\nurl("data/test.html");\n\n=> "data/test.html?10538358428943"\n\n\nurl("data/test.php?foo=bar");\n\n=> "data/test.php?foo=bar&10538358345554"\n```\n\n\n### Load tests in an iframe ###\n\nLoads a given page constructing a url with fileName: `"./data/" + fileName + ".html"`\nand fires the given callback on jQuery ready (using the jQuery loading from that page)\nand passes the iFrame\'s jQuery to the callback.\n\n```js\ntestIframe( fileName, testName, callback );\n```\n\nCallback arguments:\n\n```js\ncallback( jQueryFromIFrame, iFrameWindow, iFrameDocument );\n```\n\n### Load tests in an iframe (window.iframeCallback) ###\n\nLoads a given page constructing a url with fileName: `"./data/" + fileName + ".html"`\nThe given callback is fired when window.iframeCallback is called by the page\nThe arguments passed to the callback are the same as the\narguments passed to window.iframeCallback, whatever that may be\n\n```js\ntestIframeWithCallback( testName, fileName, callback );\n```\n\nQuestions?\n----------\n\nIf you have any questions, please feel free to ask on the\n[Developing jQuery Core forum](http://forum.jquery.com/developing-jquery-core) or in #jquery on irc.freenode.net.\n',
493 silly resolved     readmeFilename: 'README.md',
493 silly resolved     _id: 'jquery@1.8.3+1',
493 silly resolved     dist: { shasum: 'be87dbadf5c8b27906e86cefe685225c361748e1' },
493 silly resolved     _resolved: 'git://github.com/jquery/jquery.git#4b2e9799512135f817c9a54ed3e8f0e006a489c2',
493 silly resolved     _from: 'jquery@git://github.com/jquery/jquery.git#1.8.3+1' } ]
494 info install jquery@1.8.3+1 into /var/www/rad-ufu
495 info installOne jquery@1.8.3+1
496 verbose from cache /home/yassin/.npm/jquery/1.8.3+1/package/package.json
497 info /var/www/rad-ufu/node_modules/jquery unbuild
498 verbose read json /var/www/rad-ufu/node_modules/jquery/package.json
499 verbose tar unpack /home/yassin/.npm/jquery/1.8.3+1/package.tgz
500 silly lockFile 60a13cb1--www-rad-ufu-node-modules-jquery /var/www/rad-ufu/node_modules/jquery
501 verbose lock /var/www/rad-ufu/node_modules/jquery /home/yassin/.npm/60a13cb1--www-rad-ufu-node-modules-jquery.lock
502 silly gunzTarPerm modes [ '755', '644' ]
503 silly gunzTarPerm extractEntry package.json
504 silly gunzTarPerm extractEntry .npmignore
505 silly gunzTarPerm extractEntry README.md
506 silly gunzTarPerm extractEntry grunt.js
507 silly gunzTarPerm extractEntry .jshintrc
508 silly gunzTarPerm extractEntry test/hovertest.html
509 silly gunzTarPerm extractEntry test/xhtml.php
510 silly gunzTarPerm extractEntry test/localfile.html
511 silly gunzTarPerm extractEntry test/data/json_obj.js
512 silly gunzTarPerm extractEntry test/data/badjson.js
513 silly gunzTarPerm extractEntry test/data/testinit.js
514 silly gunzTarPerm extractEntry test/data/badcall.js
515 silly gunzTarPerm extractEntry test/data/test.js
516 silly gunzTarPerm extractEntry test/data/readywaitasset.js
517 silly gunzTarPerm extractEntry test/data/testrunner.js
518 silly gunzTarPerm extractEntry test/data/readywaitloader.js
519 silly gunzTarPerm extractEntry test/data/test.html
520 silly gunzTarPerm extractEntry test/data/etag.php
521 silly gunzTarPerm extractEntry test/data/with_fries_over_jsonp.php
522 silly gunzTarPerm extractEntry test/data/support/testElementCrash.html
523 silly gunzTarPerm extractEntry test/data/support/bodyBackground.html
524 silly gunzTarPerm extractEntry test/data/statusText.php
525 silly gunzTarPerm extractEntry test/data/with_fries.xml
526 silly gunzTarPerm extractEntry test/data/dimensions/documentLarge.html
527 silly gunzTarPerm extractEntry test/data/dimensions/documentSmall.html
528 silly gunzTarPerm extractEntry test/data/name.php
529 silly gunzTarPerm extractEntry test/data/cleanScript.html
530 silly gunzTarPerm extractEntry test/data/test.php
531 silly gunzTarPerm extractEntry test/data/dashboard.xml
532 silly gunzTarPerm extractEntry test/data/selector/sizzle_cache.html
533 silly gunzTarPerm extractEntry test/data/selector/html5_selector.html
534 silly gunzTarPerm extractEntry test/data/evalScript.php
535 silly gunzTarPerm extractEntry test/data/errorWithText.php
536 silly gunzTarPerm extractEntry test/data/manipulation/iframe-denied.html
537 silly gunzTarPerm extractEntry test/data/json.php
538 silly gunzTarPerm extractEntry test/data/jsonp.php
539 silly gunzTarPerm extractEntry test/data/iframe.html
540 silly gunzTarPerm extractEntry test/data/text.php
541 silly gunzTarPerm extractEntry test/data/script.php
542 silly gunzTarPerm extractEntry test/data/1x1.jpg
543 silly gunzTarPerm extractEntry test/data/if_modified_since.php
544 silly gunzTarPerm extractEntry test/data/ua.txt
545 silly gunzTarPerm extractEntry test/data/testsuite.css
546 silly gunzTarPerm extractEntry test/data/echoData.php
547 silly gunzTarPerm extractEntry test/data/headers.php
548 silly gunzTarPerm extractEntry test/data/atom+xml.php
549 silly gunzTarPerm extractEntry test/data/event/syncReady.html
550 silly gunzTarPerm extractEntry test/data/event/longLoadScript.php
551 silly gunzTarPerm extractEntry test/data/event/promiseReady.html
552 silly gunzTarPerm extractEntry test/data/name.html
553 silly gunzTarPerm extractEntry test/data/offset/body.html
554 silly gunzTarPerm extractEntry test/data/offset/absolute.html
555 silly gunzTarPerm extractEntry test/data/offset/relative.html
556 silly gunzTarPerm extractEntry test/data/offset/table.html
557 silly gunzTarPerm extractEntry test/data/offset/scroll.html
558 silly gunzTarPerm extractEntry test/data/offset/static.html
559 silly gunzTarPerm extractEntry test/data/offset/fixed.html
560 silly gunzTarPerm extractEntry test/data/test3.html
561 silly gunzTarPerm extractEntry test/data/test2.html
562 silly gunzTarPerm extractEntry test/data/params_html.php
563 silly gunzTarPerm extractEntry test/data/echoQuery.php
564 silly gunzTarPerm extractEntry test/csp.php
565 silly gunzTarPerm extractEntry test/.jshintrc
566 silly gunzTarPerm extractEntry test/unit/deferred.js
567 silly gunzTarPerm extractEntry test/unit/deprecated.js
568 silly gunzTarPerm extractEntry test/unit/traversing.js
569 silly gunzTarPerm extractEntry test/unit/offset.js
570 silly gunzTarPerm extractEntry test/unit/exports.js
571 silly gunzTarPerm extractEntry test/unit/event.js
572 silly gunzTarPerm extractEntry test/unit/css.js
573 silly gunzTarPerm extractEntry test/unit/selector.js
574 silly gunzTarPerm extractEntry test/unit/serialize.js
575 silly gunzTarPerm extractEntry test/unit/data.js
576 silly gunzTarPerm extractEntry test/unit/callbacks.js
577 silly gunzTarPerm extractEntry test/unit/queue.js
578 silly gunzTarPerm extractEntry test/unit/effects.js
579 silly gunzTarPerm extractEntry test/unit/ajax.js
580 silly gunzTarPerm extractEntry test/unit/dimensions.js
581 silly gunzTarPerm extractEntry test/unit/attributes.js
582 silly gunzTarPerm extractEntry test/unit/manipulation.js
583 silly gunzTarPerm extractEntry test/unit/core.js
584 silly gunzTarPerm extractEntry test/unit/support.js
585 silly gunzTarPerm extractEntry test/readywait.html
586 silly gunzTarPerm extractEntry test/networkerror.html
587 silly gunzTarPerm extractEntry test/delegatetest.html
588 silly gunzTarPerm extractEntry test/polluted.php
589 silly gunzTarPerm extractEntry test/index.html
590 silly gunzTarPerm extractEntry MIT-LICENSE.txt
591 silly gunzTarPerm extractEntry src/deferred.js
592 silly gunzTarPerm extractEntry src/intro.js
593 silly gunzTarPerm extractEntry src/exports.js
594 silly gunzTarPerm extractEntry src/deprecated.js
595 silly gunzTarPerm extractEntry src/ajax.js
596 silly gunzTarPerm extractEntry src/traversing.js
597 silly gunzTarPerm extractEntry src/manipulation.js
598 silly gunzTarPerm extractEntry src/support.js
599 silly gunzTarPerm extractEntry src/sizzle-jquery.js
600 silly gunzTarPerm extractEntry src/event.js
601 silly gunzTarPerm extractEntry src/callbacks.js
602 silly gunzTarPerm extractEntry src/css.js
603 silly gunzTarPerm extractEntry src/effects.js
604 silly gunzTarPerm extractEntry src/queue.js
605 silly gunzTarPerm extractEntry src/attributes.js
606 silly gunzTarPerm extractEntry src/serialize.js
607 silly gunzTarPerm extractEntry src/dimensions.js
608 silly gunzTarPerm extractEntry src/data.js
609 silly gunzTarPerm extractEntry src/outro.js
610 silly gunzTarPerm extractEntry src/core.js
611 silly gunzTarPerm extractEntry src/offset.js
612 silly gunzTarPerm extractEntry src/ajax/xhr.js
613 silly gunzTarPerm extractEntry src/ajax/script.js
614 silly gunzTarPerm extractEntry src/ajax/jsonp.js
615 silly gunzTarPerm extractEntry src/.jshintrc
616 silly gunzTarPerm extractEntry AUTHORS.txt
617 silly gunzTarPerm extractEntry build/release-notes.js
618 silly gunzTarPerm extractEntry build/release.js
619 silly gunzTarPerm extractEntry build/release-notes.txt
620 silly gunzTarPerm extractEntry .editorconfig
621 silly gunzTarPerm extractEntry .gitmodules
622 silly gunzTarPerm extractEntry .gitattributes
623 silly gunzTarPerm extractEntry CONTRIBUTING.md
624 silly gunzTarPerm extractEntry speed/jquery-basis.js
625 silly gunzTarPerm extractEntry speed/benchmark.js
626 silly gunzTarPerm extractEntry speed/benchmarker.js
627 silly gunzTarPerm extractEntry speed/slice.vs.concat.html
628 silly gunzTarPerm extractEntry speed/event.html
629 silly gunzTarPerm extractEntry speed/find.html
630 silly gunzTarPerm extractEntry speed/closest.html
631 silly gunzTarPerm extractEntry speed/css.html
632 silly gunzTarPerm extractEntry speed/index.html
633 silly gunzTarPerm extractEntry speed/benchmarker.css
634 silly gunzTarPerm extractEntry speed/filter.html
635 verbose read json /var/www/rad-ufu/node_modules/jquery/package.json
636 silly lockFile 60a13cb1--www-rad-ufu-node-modules-jquery /var/www/rad-ufu/node_modules/jquery
637 info preinstall jquery@1.8.3+1
638 verbose from cache /var/www/rad-ufu/node_modules/jquery/package.json
639 verbose readDependencies using package.json deps
640 verbose from cache /var/www/rad-ufu/node_modules/jquery/package.json
641 verbose readDependencies using package.json deps
642 silly resolved []
643 verbose about to build /var/www/rad-ufu/node_modules/jquery
644 info build /var/www/rad-ufu/node_modules/jquery
645 verbose from cache /var/www/rad-ufu/node_modules/jquery/package.json
646 verbose linkStuff [ false, false, false, '/var/www/rad-ufu/node_modules' ]
647 info linkStuff jquery@1.8.3+1
648 verbose linkBins jquery@1.8.3+1
649 verbose linkMans jquery@1.8.3+1
650 verbose rebuildBundles jquery@1.8.3+1
651 info install jquery@1.8.3+1
652 info postinstall jquery@1.8.3+1
653 info build /var/www/rad-ufu
654 verbose from cache /var/www/rad-ufu/package.json
655 verbose linkStuff [ false, false, false, '/var/www' ]
656 info linkStuff rad-ufu@0.0.0
657 verbose linkBins rad-ufu@0.0.0
658 verbose linkMans rad-ufu@0.0.0
659 verbose rebuildBundles rad-ufu@0.0.0
660 verbose rebuildBundles [ 'jquery', 'backbone' ]
661 info install rad-ufu@0.0.0
662 verbose unsafe-perm in lifecycle true
663 silly exec sh "-c" "cd node_modules/jquery && npm install && grunt"
664 silly sh,-c,cd node_modules/jquery && npm install && grunt,/var/www/rad-ufu spawning
665 info rad-ufu@0.0.0 Failed to exec install script
666 error rad-ufu@0.0.0 install: `cd node_modules/jquery && npm install && grunt`
666 error `sh "-c" "cd node_modules/jquery && npm install && grunt"` failed with 3
667 error Failed at the rad-ufu@0.0.0 install script.
667 error This is most likely a problem with the rad-ufu package,
667 error not with npm itself.
667 error Tell the author that this fails on your system:
667 error     cd node_modules/jquery && npm install && grunt
667 error You can get their info via:
667 error     npm owner ls rad-ufu
667 error There is likely additional logging output above.
668 error System Linux 3.5.0-23-generic
669 error command "nodejs" "/usr/bin/npm" "install"
670 error cwd /var/www/rad-ufu
671 error node -v v0.8.18
672 error npm -v 1.2.2
673 error code ELIFECYCLE
674 verbose exit [ 1, true ]
